{"C:\\homework\\jsaqa-code\\7.3\\jest\\app.js": {"path":"C:\\homework\\jsaqa-code\\7.3\\jest\\app.js","statementMap":{"0":{"start":{"line":2,"column":2},"end":{"line":2,"column":11}},"1":{"start":{"line":3,"column":2},"end":{"line":11,"column":5}},"2":{"start":{"line":4,"column":16},"end":{"line":4,"column":31}},"3":{"start":{"line":5,"column":14},"end":{"line":5,"column":29}},"4":{"start":{"line":6,"column":4},"end":{"line":8,"column":16}},"5":{"start":{"line":8,"column":6},"end":{"line":8,"column":16}},"6":{"start":{"line":9,"column":4},"end":{"line":9,"column":32}},"7":{"start":{"line":9,"column":23},"end":{"line":9,"column":32}},"8":{"start":{"line":10,"column":4},"end":{"line":10,"column":13}},"9":{"start":{"line":12,"column":2},"end":{"line":12,"column":20}},"10":{"start":{"line":15,"column":0},"end":{"line":15,"column":32}}},"fnMap":{"0":{"name":"sortByName","decl":{"start":{"line":1,"column":9},"end":{"line":1,"column":19}},"loc":{"start":{"line":1,"column":32},"end":{"line":13,"column":1}},"line":1},"1":{"name":"(anonymous_1)","decl":{"start":{"line":3,"column":18},"end":{"line":3,"column":19}},"loc":{"start":{"line":3,"column":34},"end":{"line":11,"column":3}},"line":3}},"branchMap":{"0":{"loc":{"start":{"line":6,"column":4},"end":{"line":8,"column":16}},"type":"if","locations":[{"start":{"line":6,"column":4},"end":{"line":8,"column":16}},{"start":{},"end":{}}],"line":6},"1":{"loc":{"start":{"line":9,"column":4},"end":{"line":9,"column":32}},"type":"if","locations":[{"start":{"line":9,"column":4},"end":{"line":9,"column":32}},{"start":{},"end":{}}],"line":9}},"s":{"0":1,"1":1,"2":6,"3":6,"4":6,"5":3,"6":3,"7":2,"8":1,"9":1,"10":1},"f":{"0":1,"1":6},"b":{"0":[3,3],"1":[2,1]},"_coverageSchema":"1a1c01bbd47fc00a2c39e90264f33305004495a9","hash":"9058745ca86532c96be387c5d7d2236b13d833f7"}
}
